mode: set
99_hw/client.go:61.80,65.19 2 1
99_hw/client.go:65.19,67.3 1 1
99_hw/client.go:68.2,68.20 1 1
99_hw/client.go:68.20,70.3 1 1
99_hw/client.go:71.2,71.20 1 1
99_hw/client.go:71.20,73.3 1 1
99_hw/client.go:76.2,88.16 10 1
99_hw/client.go:88.16,89.54 1 1
99_hw/client.go:89.54,91.4 1 1
99_hw/client.go:92.3,92.50 1 1
99_hw/client.go:94.2,97.25 3 1
99_hw/client.go:98.31,99.44 1 1
99_hw/client.go:100.38,101.53 1 1
99_hw/client.go:102.29,105.17 3 1
99_hw/client.go:105.17,107.4 1 1
99_hw/client.go:108.3,108.44 1 1
99_hw/client.go:108.44,110.4 1 1
99_hw/client.go:111.3,111.73 1 1
99_hw/client.go:114.2,116.16 3 1
99_hw/client.go:116.16,118.3 1 1
99_hw/client.go:120.2,121.28 2 1
99_hw/client.go:121.28,124.3 2 1
99_hw/client.go:124.8,126.3 1 1
99_hw/client.go:128.2,128.21 1 1
99_hw/precode.go:28.69,32.16 4 1
99_hw/precode.go:32.16,34.3 1 0
99_hw/precode.go:37.59,40.17 2 1
99_hw/precode.go:40.17,43.3 2 1
99_hw/precode.go:45.2,46.16 2 1
99_hw/precode.go:46.16,49.3 2 0
99_hw/precode.go:50.2,53.16 4 1
99_hw/precode.go:53.16,56.3 2 0
99_hw/precode.go:57.2,57.35 1 1
99_hw/precode.go:57.35,59.3 1 0
99_hw/precode.go:59.8,61.17 2 1
99_hw/precode.go:61.17,63.4 1 0
99_hw/precode.go:65.2,65.32 1 1
99_hw/precode.go:65.32,67.3 1 0
99_hw/precode.go:67.8,69.17 2 1
99_hw/precode.go:69.17,71.4 1 0
99_hw/precode.go:73.2,73.33 1 1
99_hw/precode.go:73.33,75.3 1 0
99_hw/precode.go:75.8,77.17 2 1
99_hw/precode.go:77.17,79.4 1 0
99_hw/precode.go:82.2,91.27 3 1
99_hw/precode.go:91.27,93.3 1 1
99_hw/precode.go:93.8,94.34 1 1
99_hw/precode.go:94.34,98.33 4 1
99_hw/precode.go:98.33,100.5 1 1
99_hw/precode.go:104.2,104.27 1 1
99_hw/precode.go:104.27,107.3 2 1
99_hw/precode.go:109.2,109.47 1 1
99_hw/precode.go:110.10,111.28 1 1
99_hw/precode.go:112.20,113.48 1 0
99_hw/precode.go:113.48,113.110 1 0
99_hw/precode.go:114.20,114.20 0 0
99_hw/precode.go:115.19,116.48 1 0
99_hw/precode.go:116.48,116.110 1 0
99_hw/precode.go:117.11,122.10 3 1
99_hw/precode.go:124.14,125.28 1 1
99_hw/precode.go:126.20,127.48 1 0
99_hw/precode.go:127.48,127.110 1 0
99_hw/precode.go:128.20,128.20 0 1
99_hw/precode.go:129.19,130.48 1 0
99_hw/precode.go:130.48,130.110 1 0
99_hw/precode.go:131.11,136.10 3 0
99_hw/precode.go:138.12,139.28 1 0
99_hw/precode.go:140.20,141.48 1 0
99_hw/precode.go:141.48,141.96 1 0
99_hw/precode.go:142.20,142.20 0 0
99_hw/precode.go:143.19,144.48 1 0
99_hw/precode.go:144.48,144.96 1 0
99_hw/precode.go:145.11,150.10 3 0
99_hw/precode.go:152.13,153.28 1 0
99_hw/precode.go:154.20,155.48 1 0
99_hw/precode.go:155.48,155.98 1 0
99_hw/precode.go:156.20,156.20 0 0
99_hw/precode.go:157.19,158.48 1 0
99_hw/precode.go:158.48,158.98 1 0
99_hw/precode.go:159.11,164.10 3 0
99_hw/precode.go:166.10,171.9 3 1
99_hw/precode.go:174.2,174.41 1 1
99_hw/precode.go:174.41,180.3 3 0
99_hw/precode.go:181.2,183.27 3 1
99_hw/precode.go:183.27,184.28 1 1
99_hw/precode.go:184.28,185.12 1 0
99_hw/precode.go:187.3,194.5 2 1
99_hw/precode.go:197.2,199.16 3 1
99_hw/precode.go:199.16,201.3 1 0
